2020-03-23 00:52:33,248 - BrowserEngine - INFO - You had select Chrome browser.
2020-03-23 00:52:33,248 - BrowserEngine - INFO - The test server url is :https://www.baidu.com
2020-03-23 00:52:38,497 - BrowserEngine - INFO - Starting Chrome browser.
2020-03-23 00:52:39,062 - BrowserEngine - INFO - Open url:https://www.baidu.com
2020-03-23 00:52:45,189 - BrowserEngine - INFO - Maximize the current window.
2020-03-23 00:52:45,190 - BrowserEngine - INFO - Set implicitly wait 6 seconds.
2020-03-23 00:52:45,212 - BasePage - INFO - Had find the element successful by id via value: kw 
2020-03-23 00:52:45,389 - BasePage - INFO - Had type ' selenium ' in inputBox
2020-03-23 00:52:45,406 - BasePage - INFO - Had find the element successful by xpath via value: //*[@id='su'] 
2020-03-23 00:52:45,496 - BasePage - INFO - The element '  ' was clicked.
2020-03-23 00:52:47,890 - BasePage - INFO - 开始截图并保存
2020-03-23 00:52:48,248 - BasePage - INFO - 开始截图并保存
2020-03-23 00:52:51,311 - BrowserEngine - INFO - You had select Chrome browser.
2020-03-23 00:52:51,312 - BrowserEngine - INFO - The test server url is :https://www.baidu.com
2020-03-23 00:52:56,551 - BrowserEngine - INFO - Starting Chrome browser.
2020-03-23 00:52:57,188 - BrowserEngine - INFO - Open url:https://www.baidu.com
2020-03-23 00:53:03,320 - BrowserEngine - INFO - Maximize the current window.
2020-03-23 00:53:03,322 - BrowserEngine - INFO - Set implicitly wait 6 seconds.
2020-03-23 00:53:03,328 - BasePage - INFO - Current page title is 百度一下，你就知道
2020-03-23 00:53:05,472 - BrowserEngine - INFO - You had select Chrome browser.
2020-03-23 00:53:05,472 - BrowserEngine - INFO - The test server url is :https://www.baidu.com
2020-03-23 00:53:10,718 - BrowserEngine - INFO - Starting Chrome browser.
2020-03-23 00:53:12,244 - BrowserEngine - INFO - Open url:https://www.baidu.com
2020-03-23 00:53:18,374 - BrowserEngine - INFO - Maximize the current window.
2020-03-23 00:53:18,377 - BrowserEngine - INFO - Set implicitly wait 6 seconds.
2020-03-23 00:53:29,593 - BasePage - INFO - 开始截图并保存
