2020-03-23 00:51:06,691 - BrowserEngine - INFO - You had select Chrome browser.
2020-03-23 00:51:06,692 - BrowserEngine - INFO - The test server url is :https://www.baidu.com
2020-03-23 00:51:12,557 - BrowserEngine - INFO - Starting Chrome browser.
2020-03-23 00:51:13,323 - BrowserEngine - INFO - Open url:https://www.baidu.com
2020-03-23 00:51:19,456 - BrowserEngine - INFO - Maximize the current window.
2020-03-23 00:51:19,457 - BrowserEngine - INFO - Set implicitly wait 6 seconds.
2020-03-23 00:51:19,472 - BasePage - INFO - Had find the element successful by id via value: kw 
2020-03-23 00:51:19,641 - BasePage - INFO - Had type ' selenium ' in inputBox
2020-03-23 00:51:19,657 - BasePage - INFO - Had find the element successful by xpath via value: //*[@id='su'] 
2020-03-23 00:51:19,756 - BasePage - INFO - The element '  ' was clicked.
2020-03-23 00:51:22,152 - BasePage - INFO - 开始截图并保存
2020-03-23 00:51:22,509 - BasePage - INFO - 开始截图并保存
2020-03-23 00:51:24,643 - BrowserEngine - INFO - You had select Chrome browser.
2020-03-23 00:51:24,644 - BrowserEngine - INFO - The test server url is :https://www.baidu.com
2020-03-23 00:51:30,044 - BrowserEngine - INFO - Starting Chrome browser.
2020-03-23 00:51:30,613 - BrowserEngine - INFO - Open url:https://www.baidu.com
2020-03-23 00:51:36,737 - BrowserEngine - INFO - Maximize the current window.
2020-03-23 00:51:36,739 - BrowserEngine - INFO - Set implicitly wait 6 seconds.
2020-03-23 00:51:36,746 - BasePage - INFO - Current page title is 百度一下，你就知道
2020-03-23 00:51:39,821 - BrowserEngine - INFO - You had select Chrome browser.
2020-03-23 00:51:39,822 - BrowserEngine - INFO - The test server url is :https://www.baidu.com
2020-03-23 00:51:45,107 - BrowserEngine - INFO - Starting Chrome browser.
2020-03-23 00:51:45,638 - BrowserEngine - INFO - Open url:https://www.baidu.com
2020-03-23 00:51:51,759 - BrowserEngine - INFO - Maximize the current window.
2020-03-23 00:51:51,760 - BrowserEngine - INFO - Set implicitly wait 6 seconds.
2020-03-23 00:52:01,078 - BasePage - INFO - 开始截图并保存
